2026-02-02T22:38:52.941235 ERROR service=payment-api request_id=tx-0 status=200 duration_ms=60 msg="GET /api/v1/resource"
2026-02-02T22:38:52.941235 WARN service=auth-service request_id=tx-1 status=200 duration_ms=58 msg="GET /api/v1/resource"
2026-02-02T22:38:52.941235 WARN service=auth-service request_id=tx-2 status=200 duration_ms=98 msg="GET /api/v1/resource"
2026-02-02T22:38:52.941235 INFO service=auth-service request_id=tx-3 status=200 duration_ms=265 msg="GET /api/v1/resource"
2026-02-02T22:38:52.941235 ERROR service=auth-service request_id=tx-4 status=200 duration_ms=234 msg="GET /api/v1/resource"
2026-02-02T22:38:52.941235 WARN service=payment-api request_id=tx-5 status=200 duration_ms=285 msg="GET /api/v1/resource"
2026-02-02T22:38:52.941235 WARN service=auth-service request_id=tx-6 status=200 duration_ms=195 msg="GET /api/v1/resource"
2026-02-02T22:38:52.941235 ERROR service=user-service request_id=tx-7 status=200 duration_ms=143 msg="GET /api/v1/resource"
2026-02-02T22:38:52.941235 INFO service=auth-service request_id=tx-8 status=200 duration_ms=71 msg="GET /api/v1/resource"
2026-02-02T22:38:52.941235 INFO service=user-service request_id=tx-9 status=200 duration_ms=152 msg="GET /api/v1/resource"
2026-02-02T22:38:52.941235 WARN service=payment-api request_id=tx-10 status=200 duration_ms=193 msg="GET /api/v1/resource"
2026-02-02T22:38:52.941235 INFO service=payment-api request_id=tx-11 status=200 duration_ms=93 msg="GET /api/v1/resource"
2026-02-02T22:38:52.941235 INFO service=payment-api request_id=tx-12 status=200 duration_ms=245 msg="GET /api/v1/resource"
2026-02-02T22:38:52.941235 ERROR service=payment-api request_id=tx-13 status=200 duration_ms=292 msg="GET /api/v1/resource"
2026-02-02T22:38:52.941235 INFO service=user-service request_id=tx-14 status=200 duration_ms=33 msg="GET /api/v1/resource"
2026-02-02T22:38:52.941235 INFO service=payment-api request_id=tx-15 status=200 duration_ms=259 msg="GET /api/v1/resource"
2026-02-02T22:38:52.941235 ERROR service=auth-service request_id=tx-16 status=200 duration_ms=56 msg="GET /api/v1/resource"
2026-02-02T22:38:52.941235 INFO service=user-service request_id=tx-17 status=200 duration_ms=157 msg="GET /api/v1/resource"
2026-02-02T22:38:52.941235 INFO service=auth-service request_id=tx-18 status=200 duration_ms=50 msg="GET /api/v1/resource"
2026-02-02T22:38:52.941235 INFO service=user-service request_id=tx-19 status=200 duration_ms=15 msg="GET /api/v1/resource"
2026-02-02T22:38:52.941235 INFO service=payment-api request_id=tx-20 status=200 duration_ms=299 msg="GET /api/v1/resource"
2026-02-02T22:38:52.941235 ERROR service=payment-api request_id=tx-21 status=200 duration_ms=201 msg="GET /api/v1/resource"
2026-02-02T22:38:52.941235 INFO service=payment-api request_id=tx-22 status=200 duration_ms=121 msg="GET /api/v1/resource"
2026-02-02T22:38:52.941235 INFO service=user-service request_id=tx-23 status=200 duration_ms=143 msg="GET /api/v1/resource"
2026-02-02T22:38:52.941235 INFO service=user-service request_id=tx-24 status=200 duration_ms=152 msg="GET /api/v1/resource"
2026-02-02T22:38:52.941235 WARN service=payment-api request_id=tx-25 status=200 duration_ms=23 msg="GET /api/v1/resource"
2026-02-02T22:38:52.941235 INFO service=auth-service request_id=tx-26 status=200 duration_ms=54 msg="GET /api/v1/resource"
2026-02-02T22:38:52.941235 INFO service=auth-service request_id=tx-27 status=200 duration_ms=229 msg="GET /api/v1/resource"
2026-02-02T22:38:52.941235 INFO service=auth-service request_id=tx-28 status=200 duration_ms=125 msg="GET /api/v1/resource"
2026-02-02T22:38:52.941235 ERROR service=payment-api request_id=tx-29 status=200 duration_ms=123 msg="GET /api/v1/resource"
2026-02-02T22:38:52.941235 WARN service=auth-service request_id=tx-30 status=200 duration_ms=215 msg="GET /api/v1/resource"
2026-02-02T22:38:52.941235 INFO service=payment-api request_id=tx-31 status=200 duration_ms=38 msg="GET /api/v1/resource"
2026-02-02T22:38:52.941235 WARN service=user-service request_id=tx-32 status=200 duration_ms=202 msg="GET /api/v1/resource"
2026-02-02T22:38:52.941235 INFO service=payment-api request_id=tx-33 status=200 duration_ms=80 msg="GET /api/v1/resource"
2026-02-02T22:38:52.941235 INFO service=auth-service request_id=tx-34 status=200 duration_ms=85 msg="GET /api/v1/resource"
2026-02-02T22:38:52.941235 ERROR service=payment-api request_id=tx-35 status=200 duration_ms=56 msg="GET /api/v1/resource"
2026-02-02T22:38:52.941235 INFO service=payment-api request_id=tx-36 status=200 duration_ms=40 msg="GET /api/v1/resource"
2026-02-02T22:38:52.941235 ERROR service=user-service request_id=tx-37 status=200 duration_ms=282 msg="GET /api/v1/resource"
2026-02-02T22:38:52.941235 ERROR service=auth-service request_id=tx-38 status=200 duration_ms=225 msg="GET /api/v1/resource"
2026-02-02T22:38:52.941235 WARN service=auth-service request_id=tx-39 status=200 duration_ms=249 msg="GET /api/v1/resource"
2026-02-02T22:38:52.941235 INFO service=auth-service request_id=tx-40 status=200 duration_ms=50 msg="GET /api/v1/resource"
2026-02-02T22:38:52.941235 WARN service=payment-api request_id=tx-41 status=200 duration_ms=226 msg="GET /api/v1/resource"
2026-02-02T22:38:52.941235 INFO service=payment-api request_id=tx-42 status=200 duration_ms=224 msg="GET /api/v1/resource"
2026-02-02T22:38:52.941235 ERROR service=user-service request_id=tx-43 status=200 duration_ms=19 msg="GET /api/v1/resource"
2026-02-02T22:38:52.941235 INFO service=user-service request_id=tx-44 status=200 duration_ms=192 msg="GET /api/v1/resource"
2026-02-02T22:38:52.941235 ERROR service=auth-service request_id=tx-45 status=200 duration_ms=104 msg="GET /api/v1/resource"
2026-02-02T22:38:52.941235 INFO service=payment-api request_id=tx-46 status=200 duration_ms=242 msg="GET /api/v1/resource"
2026-02-02T22:38:52.941235 ERROR service=auth-service request_id=tx-47 status=200 duration_ms=113 msg="GET /api/v1/resource"
2026-02-02T22:38:52.941235 INFO service=user-service request_id=tx-48 status=200 duration_ms=244 msg="GET /api/v1/resource"
2026-02-02T22:38:52.941235 INFO service=user-service request_id=tx-49 status=200 duration_ms=24 msg="GET /api/v1/resource"
2026-02-02T22:38:52.941235 INFO service=user-service request_id=tx-50 status=200 duration_ms=110 msg="GET /api/v1/resource"
2026-02-02T22:38:52.941235 WARN service=user-service request_id=tx-51 status=200 duration_ms=244 msg="GET /api/v1/resource"
2026-02-02T22:38:52.941235 WARN service=user-service request_id=tx-52 status=200 duration_ms=26 msg="GET /api/v1/resource"
2026-02-02T22:38:52.941235 WARN service=payment-api request_id=tx-53 status=200 duration_ms=87 msg="GET /api/v1/resource"
2026-02-02T22:38:52.941235 INFO service=auth-service request_id=tx-54 status=200 duration_ms=164 msg="GET /api/v1/resource"
2026-02-02T22:38:52.941235 ERROR service=auth-service request_id=tx-55 status=200 duration_ms=103 msg="GET /api/v1/resource"
2026-02-02T22:38:52.941235 INFO service=user-service request_id=tx-56 status=200 duration_ms=206 msg="GET /api/v1/resource"
2026-02-02T22:38:52.941235 INFO service=user-service request_id=tx-57 status=200 duration_ms=290 msg="GET /api/v1/resource"
2026-02-02T22:38:52.941235 INFO service=user-service request_id=tx-58 status=200 duration_ms=25 msg="GET /api/v1/resource"
2026-02-02T22:38:52.941235 INFO service=payment-api request_id=tx-59 status=200 duration_ms=158 msg="GET /api/v1/resource"
2026-02-02T22:38:52.941235 INFO service=payment-api request_id=tx-60 status=200 duration_ms=235 msg="GET /api/v1/resource"
2026-02-02T22:38:52.941235 INFO service=auth-service request_id=tx-61 status=200 duration_ms=82 msg="GET /api/v1/resource"
2026-02-02T22:38:52.941235 ERROR service=auth-service request_id=tx-62 status=200 duration_ms=30 msg="GET /api/v1/resource"
2026-02-02T22:38:52.941235 ERROR service=payment-api request_id=tx-63 status=200 duration_ms=130 msg="GET /api/v1/resource"
2026-02-02T22:38:52.941235 ERROR service=user-service request_id=tx-64 status=200 duration_ms=5 msg="GET /api/v1/resource"
2026-02-02T22:38:52.941235 ERROR service=payment-api request_id=tx-65 status=200 duration_ms=24 msg="GET /api/v1/resource"
2026-02-02T22:38:52.941235 WARN service=user-service request_id=tx-66 status=200 duration_ms=38 msg="GET /api/v1/resource"
2026-02-02T22:38:52.941235 ERROR service=auth-service request_id=tx-67 status=200 duration_ms=278 msg="GET /api/v1/resource"
2026-02-02T22:38:52.941235 INFO service=user-service request_id=tx-68 status=200 duration_ms=92 msg="GET /api/v1/resource"
2026-02-02T22:38:52.942232 ERROR service=payment-api request_id=tx-69 status=200 duration_ms=228 msg="GET /api/v1/resource"
2026-02-02T22:38:52.942232 ERROR service=user-service request_id=tx-70 status=200 duration_ms=240 msg="GET /api/v1/resource"
2026-02-02T22:38:52.942232 INFO service=payment-api request_id=tx-71 status=200 duration_ms=52 msg="GET /api/v1/resource"
2026-02-02T22:38:52.942232 ERROR service=user-service request_id=tx-72 status=200 duration_ms=131 msg="GET /api/v1/resource"
2026-02-02T22:38:52.942232 INFO service=payment-api request_id=tx-73 status=200 duration_ms=182 msg="GET /api/v1/resource"
2026-02-02T22:38:52.942232 ERROR service=user-service request_id=tx-74 status=200 duration_ms=267 msg="GET /api/v1/resource"
2026-02-02T22:38:52.942232 ERROR service=auth-service request_id=tx-75 status=200 duration_ms=35 msg="GET /api/v1/resource"
2026-02-02T22:38:52.942232 ERROR service=auth-service request_id=tx-76 status=200 duration_ms=141 msg="GET /api/v1/resource"
2026-02-02T22:38:52.942232 WARN service=user-service request_id=tx-77 status=200 duration_ms=49 msg="GET /api/v1/resource"
2026-02-02T22:38:52.942232 ERROR service=user-service request_id=tx-78 status=200 duration_ms=171 msg="GET /api/v1/resource"
2026-02-02T22:38:52.942232 INFO service=auth-service request_id=tx-79 status=200 duration_ms=234 msg="GET /api/v1/resource"
2026-02-02T22:38:52.942232 ERROR service=auth-service request_id=tx-80 status=200 duration_ms=74 msg="GET /api/v1/resource"
2026-02-02T22:38:52.942232 INFO service=user-service request_id=tx-81 status=200 duration_ms=36 msg="GET /api/v1/resource"
2026-02-02T22:38:52.942232 ERROR service=auth-service request_id=tx-82 status=200 duration_ms=16 msg="GET /api/v1/resource"
2026-02-02T22:38:52.942232 INFO service=user-service request_id=tx-83 status=200 duration_ms=294 msg="GET /api/v1/resource"
2026-02-02T22:38:52.942232 ERROR service=auth-service request_id=tx-84 status=200 duration_ms=58 msg="GET /api/v1/resource"
2026-02-02T22:38:52.942232 INFO service=payment-api request_id=tx-85 status=200 duration_ms=166 msg="GET /api/v1/resource"
2026-02-02T22:38:52.942232 ERROR service=user-service request_id=tx-86 status=200 duration_ms=280 msg="GET /api/v1/resource"
2026-02-02T22:38:52.942232 WARN service=user-service request_id=tx-87 status=200 duration_ms=160 msg="GET /api/v1/resource"
2026-02-02T22:38:52.942232 INFO service=auth-service request_id=tx-88 status=200 duration_ms=117 msg="GET /api/v1/resource"
2026-02-02T22:38:52.942232 ERROR service=payment-api request_id=tx-89 status=200 duration_ms=205 msg="GET /api/v1/resource"
2026-02-02T22:38:52.942232 ERROR service=payment-api request_id=tx-90 status=200 duration_ms=246 msg="GET /api/v1/resource"
2026-02-02T22:38:52.942232 ERROR service=auth-service request_id=tx-91 status=200 duration_ms=100 msg="GET /api/v1/resource"
2026-02-02T22:38:52.942232 INFO service=auth-service request_id=tx-92 status=200 duration_ms=5 msg="GET /api/v1/resource"
2026-02-02T22:38:52.942232 WARN service=user-service request_id=tx-93 status=200 duration_ms=211 msg="GET /api/v1/resource"
2026-02-02T22:38:52.942232 INFO service=payment-api request_id=tx-94 status=200 duration_ms=90 msg="GET /api/v1/resource"
2026-02-02T22:38:52.942232 INFO service=user-service request_id=tx-95 status=200 duration_ms=157 msg="GET /api/v1/resource"
2026-02-02T22:38:52.942232 WARN service=user-service request_id=tx-96 status=200 duration_ms=201 msg="GET /api/v1/resource"
2026-02-02T22:38:52.942232 INFO service=payment-api request_id=tx-97 status=200 duration_ms=151 msg="GET /api/v1/resource"
2026-02-02T22:38:52.942232 INFO service=user-service request_id=tx-98 status=200 duration_ms=164 msg="GET /api/v1/resource"
2026-02-02T22:38:52.942232 INFO service=user-service request_id=tx-99 status=200 duration_ms=119 msg="GET /api/v1/resource"
